<?xml version="1.0" encoding="UTF-8"?>
<!-- Generated by org.testng.reporters.JUnitReportReporter -->
<testsuite hostname="DESKTOP-V99HU7G" failures="0" tests="1" name="com.crm.comcast.orgTest.ProjectUpdate" time="0.553" errors="0" timestamp="2022-01-13T10:17:49 IST" skipped="0">
  <testcase classname="com.crm.comcast.orgTest.ProjectUpdate" name="update" time="0.553"/>
  <system-out/>
</testsuite> <!-- com.crm.comcast.orgTest.ProjectUpdate -->
