<?xml version="1.0" encoding="UTF-8"?>
<!-- Generated by org.testng.reporters.JUnitReportReporter -->
<testsuite hostname="DESKTOP-V99HU7G" failures="0" tests="2" name="com.crm.comcast.orgTest.OrganizationTest" time="40.900" errors="0" timestamp="2022-01-23T13:50:29 IST" skipped="0">
  <testcase classname="com.crm.comcast.orgTest.OrganizationTest" name="createOrganizationWithIndTest" time="20.799"/>
  <system-out/>
  <testcase classname="com.crm.comcast.orgTest.OrganizationTest" name="createOrganiztionTest" time="20.101"/>
  <system-out/>
</testsuite> <!-- com.crm.comcast.orgTest.OrganizationTest -->
