<?xml version="1.0" encoding="UTF-8"?>
<!-- Generated by org.testng.reporters.JUnitReportReporter -->
<testsuite hostname="DESKTOP-V99HU7G" failures="0" tests="2" name="com.crm.ContactTest.CreateContactWithOrgTest" time="55.940" errors="0" timestamp="2022-01-20T20:15:23 IST" skipped="0">
  <testcase classname="com.crm.ContactTest.CreateContactWithOrgTest" name="createContactTE" time="30.708"/>
  <system-out/>
  <testcase classname="com.crm.ContactTest.CreateContactWithOrgTest" name="createContactT" time="25.232"/>
  <system-out/>
</testsuite> <!-- com.crm.ContactTest.CreateContactWithOrgTest -->
